<?xml version="1.0" encoding="UTF-8"?>
<testng-results ignored="0" total="1" passed="1" failed="0" skipped="0">
  <reporter-output>
  </reporter-output>
  <suite started-at="2024-11-09T12:06:37 IST" name="Default suite" finished-at="2024-11-09T12:06:52 IST" duration-ms="14796">
    <groups>
    </groups>
    <test started-at="2024-11-09T12:06:37 IST" name="Default test" finished-at="2024-11-09T12:06:52 IST" duration-ms="14796">
      <class name="testpackage.Testclass">
        <test-method is-config="true" signature="setup()[pri:0, instance:testpackage.Testclass@31190526]" started-at="2024-11-09T12:06:37 IST" name="setup" finished-at="2024-11-09T12:06:45 IST" duration-ms="7241" status="PASS">
          <reporter-output>
          </reporter-output>
        </test-method> <!-- setup -->
        <test-method signature="voidverifylogin()[pri:0, instance:testpackage.Testclass@31190526]" started-at="2024-11-09T12:06:45 IST" name="voidverifylogin" finished-at="2024-11-09T12:06:52 IST" duration-ms="7441" status="PASS">
          <reporter-output>
          </reporter-output>
        </test-method> <!-- voidverifylogin -->
        <test-method is-config="true" signature="postcondition()[pri:0, instance:testpackage.Testclass@31190526]" started-at="2024-11-09T12:06:52 IST" name="postcondition" finished-at="2024-11-09T12:06:52 IST" duration-ms="2" status="PASS">
          <reporter-output>
          </reporter-output>
        </test-method> <!-- postcondition -->
      </class> <!-- testpackage.Testclass -->
    </test> <!-- Default test -->
  </suite> <!-- Default suite -->
</testng-results>
